{"meta": {"format": 3, "version": "7.14.1", "timestamp": "2026-05-30T18:35:39.916828", "branch_coverage": false, "show_contexts": false}, "files": {"app\\anomalies.py": {"executed_lines": [17, 18, 20, 21, 23, 24, 25, 27, 28, 29, 30, 38, 39, 41, 42, 43, 46, 50, 56, 79, 83, 99, 100, 108, 109, 110, 112, 115, 199, 213], "summary": {"covered_lines": 30, "num_statements": 61, "percent_covered": 49.18032786885246, "percent_covered_display": "49", "missing_lines": 31, "excluded_lines": 0, "percent_statements_covered": 49.18032786885246, "percent_statements_covered_display": "49"}, "missing_lines": [61, 62, 63, 65, 70, 75, 76, 95, 96, 126, 128, 130, 131, 132, 149, 150, 161, 162, 164, 165, 166, 167, 186, 189, 202, 215, 216, 217, 218, 234, 240], "excluded_lines": [], "functions": {"_get_conversion_rate": {"executed_lines": [50, 56], "summary": {"covered_lines": 2, "num_statements": 9, "percent_covered": 22.22222222222222, "percent_covered_display": "22", "missing_lines": 7, "excluded_lines": 0, "percent_statements_covered": 22.22222222222222, "percent_statements_covered_display": "22"}, "missing_lines": [61, 62, 63, 65, 70, 75, 76], "excluded_lines": [], "start_line": 46}, "_get_avg_queue_depth": {"executed_lines": [83], "summary": {"covered_lines": 1, "num_statements": 3, "percent_covered": 33.333333333333336, "percent_covered_display": "33", "missing_lines": 2, "excluded_lines": 0, "percent_statements_covered": 33.333333333333336, "percent_statements_covered_display": "33"}, "missing_lines": [95, 96], "excluded_lines": [], "start_line": 79}, "get_anomalies": {"executed_lines": [108, 109, 110, 112, 115, 199, 213], "summary": {"covered_lines": 7, "num_statements": 29, "percent_covered": 24.137931034482758, "percent_covered_display": "24", "missing_lines": 22, "excluded_lines": 0, "percent_statements_covered": 24.137931034482758, "percent_statements_covered_display": "24"}, "missing_lines": [126, 128, 130, 131, 132, 149, 150, 161, 162, 164, 165, 166, 167, 186, 189, 202, 215, 216, 217, 218, 234, 240], "excluded_lines": [], "start_line": 100}, "": {"executed_lines": [17, 18, 20, 21, 23, 24, 25, 27, 28, 29, 30, 38, 39, 41, 42, 43, 46, 79, 99, 100], "summary": {"covered_lines": 20, "num_statements": 20, "percent_covered": 100.0, "percent_covered_display": "100", "missing_lines": 0, "excluded_lines": 0, "percent_statements_covered": 100.0, "percent_statements_covered_display": "100"}, "missing_lines": [], "excluded_lines": [], "start_line": 1}}, "classes": {"": {"executed_lines": [17, 18, 20, 21, 23, 24, 25, 27, 28, 29, 30, 38, 39, 41, 42, 43, 46, 50, 56, 79, 83, 99, 100, 108, 109, 110, 112, 115, 199, 213], "summary": {"covered_lines": 30, "num_statements": 61, "percent_covered": 49.18032786885246, "percent_covered_display": "49", "missing_lines": 31, "excluded_lines": 0, "percent_statements_covered": 49.18032786885246, "percent_statements_covered_display": "49"}, "missing_lines": [61, 62, 63, 65, 70, 75, 76, 95, 96, 126, 128, 130, 131, 132, 149, 150, 161, 162, 164, 165, 166, 167, 186, 189, 202, 215, 216, 217, 218, 234, 240], "excluded_lines": [], "start_line": 1}}}, "app\\funnel.py": {"executed_lines": [18, 19, 21, 23, 24, 25, 27, 28, 29, 30, 32, 33, 36, 37, 47, 49, 55, 58, 61, 104, 122, 123, 124], "summary": {"covered_lines": 23, "num_statements": 38, "percent_covered": 60.526315789473685, "percent_covered_display": "61", "missing_lines": 15, "excluded_lines": 0, "percent_statements_covered": 60.526315789473685, "percent_statements_covered_display": "61"}, "missing_lines": [56, 71, 74, 82, 85, 93, 96, 107, 108, 117, 119, 121, 126, 133, 143], "excluded_lines": [], "functions": {"get_funnel": {"executed_lines": [47, 49, 55, 58, 61, 104], "summary": {"covered_lines": 6, "num_statements": 21, "percent_covered": 28.571428571428573, "percent_covered_display": "29", "missing_lines": 15, "excluded_lines": 0, "percent_statements_covered": 28.571428571428573, "percent_statements_covered_display": "29"}, "missing_lines": [56, 71, 74, 82, 85, 93, 96, 107, 108, 117, 119, 121, 126, 133, 143], "excluded_lines": [], "start_line": 37}, "get_funnel.drop_off": {"executed_lines": [122, 123, 124], "summary": {"covered_lines": 3, "num_statements": 3, "percent_covered": 100.0, "percent_covered_display": "100", "missing_lines": 0, "excluded_lines": 0, "percent_statements_covered": 100.0, "percent_statements_covered_display": "100"}, "missing_lines": [], "excluded_lines": [], "start_line": 121}, "": {"executed_lines": [18, 19, 21, 23, 24, 25, 27, 28, 29, 30, 32, 33, 36, 37], "summary": {"covered_lines": 14, "num_statements": 14, "percent_covered": 100.0, "percent_covered_display": "100", "missing_lines": 0, "excluded_lines": 0, "percent_statements_covered": 100.0, "percent_statements_covered_display": "100"}, "missing_lines": [], "excluded_lines": [], "start_line": 1}}, "classes": {"": {"executed_lines": [18, 19, 21, 23, 24, 25, 27, 28, 29, 30, 32, 33, 36, 37, 47, 49, 55, 58, 61, 104, 122, 123, 124], "summary": {"covered_lines": 23, "num_statements": 38, "percent_covered": 60.526315789473685, "percent_covered_display": "61", "missing_lines": 15, "excluded_lines": 0, "percent_statements_covered": 60.526315789473685, "percent_statements_covered_display": "61"}, "missing_lines": [56, 71, 74, 82, 85, 93, 96, 107, 108, 117, 119, 121, 126, 133, 143], "excluded_lines": [], "start_line": 1}}}, "app\\health.py": {"executed_lines": [8, 10, 11, 13, 14, 15, 17, 18, 19, 21, 22, 24, 29, 32, 33, 40, 41, 43, 44, 46, 47, 78], "summary": {"covered_lines": 22, "num_statements": 35, "percent_covered": 62.857142857142854, "percent_covered_display": "63", "missing_lines": 13, "excluded_lines": 0, "percent_statements_covered": 62.857142857142854, "percent_statements_covered_display": "63"}, "missing_lines": [52, 54, 55, 56, 59, 60, 61, 62, 64, 65, 67, 76, 84], "excluded_lines": [], "functions": {"health_check": {"executed_lines": [40, 41, 43, 44, 46, 47, 78], "summary": {"covered_lines": 7, "num_statements": 20, "percent_covered": 35.0, "percent_covered_display": "35", "missing_lines": 13, "excluded_lines": 0, "percent_statements_covered": 35.0, "percent_statements_covered_display": "35"}, "missing_lines": [52, 54, 55, 56, 59, 60, 61, 62, 64, 65, 67, 76, 84], "excluded_lines": [], "start_line": 33}, "": {"executed_lines": [8, 10, 11, 13, 14, 15, 17, 18, 19, 21, 22, 24, 29, 32, 33], "summary": {"covered_lines": 15, "num_statements": 15, "percent_covered": 100.0, "percent_covered_display": "100", "missing_lines": 0, "excluded_lines": 0, "percent_statements_covered": 100.0, "percent_statements_covered_display": "100"}, "missing_lines": [], "excluded_lines": [], "start_line": 1}}, "classes": {"": {"executed_lines": [8, 10, 11, 13, 14, 15, 17, 18, 19, 21, 22, 24, 29, 32, 33, 40, 41, 43, 44, 46, 47, 78], "summary": {"covered_lines": 22, "num_statements": 35, "percent_covered": 62.857142857142854, "percent_covered_display": "63", "missing_lines": 13, "excluded_lines": 0, "percent_statements_covered": 62.857142857142854, "percent_statements_covered_display": "63"}, "missing_lines": [52, 54, 55, 56, 59, 60, 61, 62, 64, 65, 67, 76, 84], "excluded_lines": [], "start_line": 1}}}, "app\\ingestion.py": {"executed_lines": [12, 14, 15, 17, 18, 19, 20, 21, 23, 24, 25, 33, 34, 36, 37, 40, 42, 59, 66, 67, 69, 70, 71, 76, 81, 82, 94, 95, 96, 97, 99, 100, 101, 102, 103, 104, 105, 106, 107, 111, 119, 121, 129, 136], "summary": {"covered_lines": 44, "num_statements": 60, "percent_covered": 73.33333333333333, "percent_covered_display": "73", "missing_lines": 16, "excluded_lines": 0, "percent_statements_covered": 73.33333333333333, "percent_statements_covered_display": "73"}, "missing_lines": [73, 74, 77, 78, 108, 109, 143, 144, 146, 147, 148, 149, 150, 151, 159, 161], "excluded_lines": [], "functions": {"_event_to_orm": {"executed_lines": [42], "summary": {"covered_lines": 1, "num_statements": 1, "percent_covered": 100.0, "percent_covered_display": "100", "missing_lines": 0, "excluded_lines": 0, "percent_statements_covered": 100.0, "percent_statements_covered_display": "100"}, "missing_lines": [], "excluded_lines": [], "start_line": 40}, "_upsert_events": {"executed_lines": [66, 67, 69, 70, 71, 76], "summary": {"covered_lines": 6, "num_statements": 10, "percent_covered": 60.0, "percent_covered_display": "60", "missing_lines": 4, "excluded_lines": 0, "percent_statements_covered": 60.0, "percent_statements_covered_display": "60"}, "missing_lines": [73, 74, 77, 78], "excluded_lines": [], "start_line": 59}, "ingest_events": {"executed_lines": [94, 95, 96, 97, 99, 100, 101, 102, 103, 104, 105, 106, 107, 111, 119, 121, 129], "summary": {"covered_lines": 17, "num_statements": 19, "percent_covered": 89.47368421052632, "percent_covered_display": "89", "missing_lines": 2, "excluded_lines": 0, "percent_statements_covered": 89.47368421052632, "percent_statements_covered_display": "89"}, "missing_lines": [108, 109], "excluded_lines": [], "start_line": 82}, "ingest_raw_list": {"executed_lines": [], "summary": {"covered_lines": 0, "num_statements": 10, "percent_covered": 0.0, "percent_covered_display": "0", "missing_lines": 10, "excluded_lines": 0, "percent_statements_covered": 0.0, "percent_statements_covered_display": "0"}, "missing_lines": [143, 144, 146, 147, 148, 149, 150, 151, 159, 161], "excluded_lines": [], "start_line": 136}, "": {"executed_lines": [12, 14, 15, 17, 18, 19, 20, 21, 23, 24, 25, 33, 34, 36, 37, 40, 59, 81, 82, 136], "summary": {"covered_lines": 20, "num_statements": 20, "percent_covered": 100.0, "percent_covered_display": "100", "missing_lines": 0, "excluded_lines": 0, "percent_statements_covered": 100.0, "percent_statements_covered_display": "100"}, "missing_lines": [], "excluded_lines": [], "start_line": 1}}, "classes": {"": {"executed_lines": [12, 14, 15, 17, 18, 19, 20, 21, 23, 24, 25, 33, 34, 36, 37, 40, 42, 59, 66, 67, 69, 70, 71, 76, 81, 82, 94, 95, 96, 97, 99, 100, 101, 102, 103, 104, 105, 106, 107, 111, 119, 121, 129, 136], "summary": {"covered_lines": 44, "num_statements": 60, "percent_covered": 73.33333333333333, "percent_covered_display": "73", "missing_lines": 16, "excluded_lines": 0, "percent_statements_covered": 73.33333333333333, "percent_statements_covered_display": "73"}, "missing_lines": [73, 74, 77, 78, 108, 109, 143, 144, 146, 147, 148, 149, 150, 151, 159, 161], "excluded_lines": [], "start_line": 1}}}, "app\\main.py": {"executed_lines": [1, 2, 3, 9, 10, 12, 15, 20, 28, 38, 43, 44, 46, 47, 48, 51, 52, 55, 57, 59, 71, 72, 73, 75, 76, 77, 78, 86, 87, 90, 91, 101, 103, 109, 112, 115, 140, 154, 191, 204, 205, 206, 207, 208, 209, 210, 212, 213, 214, 215, 216, 218, 219, 220, 221, 222, 223, 225, 226, 227, 230, 231, 233, 235, 239, 242, 253, 256, 257, 266, 277, 285, 286, 287, 288, 289, 290, 294, 295, 296, 297, 299, 300, 302, 303, 304, 312, 315, 316, 317, 318, 319, 320, 322, 332, 333, 337, 338, 350, 351, 360, 361, 379, 380, 382, 383, 384, 392, 395], "summary": {"covered_lines": 109, "num_statements": 158, "percent_covered": 68.9873417721519, "percent_covered_display": "69", "missing_lines": 49, "excluded_lines": 0, "percent_statements_covered": 68.9873417721519, "percent_statements_covered_display": "69"}, "missing_lines": [110, 125, 126, 129, 143, 158, 159, 161, 162, 163, 164, 165, 166, 175, 184, 236, 237, 240, 243, 244, 245, 246, 247, 248, 249, 250, 259, 260, 261, 262, 263, 305, 306, 307, 339, 340, 352, 353, 367, 368, 369, 370, 372, 373, 374, 375, 376, 385, 397], "excluded_lines": [], "functions": {"configure_logging": {"executed_lines": [20, 28, 38, 43, 44, 46, 47, 48, 51, 52], "summary": {"covered_lines": 10, "num_statements": 10, "percent_covered": 100.0, "percent_covered_display": "100", "missing_lines": 0, "excluded_lines": 0, "percent_statements_covered": 100.0, "percent_statements_covered_display": "100"}, "missing_lines": [], "excluded_lines": [], "start_line": 15}, "get_logger": {"executed_lines": [57], "summary": {"covered_lines": 1, "num_statements": 1, "percent_covered": 100.0, "percent_covered_display": "100", "missing_lines": 0, "excluded_lines": 0, "percent_statements_covered": 100.0, "percent_statements_covered_display": "100"}, "missing_lines": [], "excluded_lines": [], "start_line": 55}, "get_heatmap": {"executed_lines": [101, 103, 109, 112, 115, 140, 154], "summary": {"covered_lines": 7, "num_statements": 22, "percent_covered": 31.818181818181817, "percent_covered_display": "32", "missing_lines": 15, "excluded_lines": 0, "percent_statements_covered": 31.818181818181817, "percent_statements_covered_display": "32"}, "missing_lines": [110, 125, 126, 129, 143, 158, 159, 161, 162, 163, 164, 165, 166, 175, 184], "excluded_lines": [], "start_line": 91}, "ConnectionManager.__init__": {"executed_lines": [233], "summary": {"covered_lines": 1, "num_statements": 1, "percent_covered": 100.0, "percent_covered_display": "100", "missing_lines": 0, "excluded_lines": 0, "percent_statements_covered": 100.0, "percent_statements_covered_display": "100"}, "missing_lines": [], "excluded_lines": [], "start_line": 231}, "ConnectionManager.connect": {"executed_lines": [], "summary": {"covered_lines": 0, "num_statements": 2, "percent_covered": 0.0, "percent_covered_display": "0", "missing_lines": 2, "excluded_lines": 0, "percent_statements_covered": 0.0, "percent_statements_covered_display": "0"}, "missing_lines": [236, 237], "excluded_lines": [], "start_line": 235}, "ConnectionManager.disconnect": {"executed_lines": [], "summary": {"covered_lines": 0, "num_statements": 1, "percent_covered": 0.0, "percent_covered_display": "0", "missing_lines": 1, "excluded_lines": 0, "percent_statements_covered": 0.0, "percent_statements_covered_display": "0"}, "missing_lines": [240], "excluded_lines": [], "start_line": 239}, "ConnectionManager.broadcast": {"executed_lines": [], "summary": {"covered_lines": 0, "num_statements": 8, "percent_covered": 0.0, "percent_covered_display": "0", "missing_lines": 8, "excluded_lines": 0, "percent_statements_covered": 0.0, "percent_statements_covered_display": "0"}, "missing_lines": [243, 244, 245, 246, 247, 248, 249, 250], "excluded_lines": [], "start_line": 242}, "lifespan": {"executed_lines": [], "summary": {"covered_lines": 0, "num_statements": 5, "percent_covered": 0.0, "percent_covered_display": "0", "missing_lines": 5, "excluded_lines": 0, "percent_statements_covered": 0.0, "percent_statements_covered_display": "0"}, "missing_lines": [259, 260, 261, 262, 263], "excluded_lines": [], "start_line": 257}, "logging_middleware": {"executed_lines": [296, 297, 299, 300, 302, 303, 304, 312, 315, 316, 317, 318, 319, 320, 322, 332, 333], "summary": {"covered_lines": 17, "num_statements": 20, "percent_covered": 85.0, "percent_covered_display": "85", "missing_lines": 3, "excluded_lines": 0, "percent_statements_covered": 85.0, "percent_statements_covered_display": "85"}, "missing_lines": [305, 306, 307], "excluded_lines": [], "start_line": 295}, "db_error_handler": {"executed_lines": [], "summary": {"covered_lines": 0, "num_statements": 2, "percent_covered": 0.0, "percent_covered_display": "0", "missing_lines": 2, "excluded_lines": 0, "percent_statements_covered": 0.0, "percent_statements_covered_display": "0"}, "missing_lines": [339, 340], "excluded_lines": [], "start_line": 338}, "generic_error_handler": {"executed_lines": [], "summary": {"covered_lines": 0, "num_statements": 2, "percent_covered": 0.0, "percent_covered_display": "0", "missing_lines": 2, "excluded_lines": 0, "percent_statements_covered": 0.0, "percent_statements_covered_display": "0"}, "missing_lines": [352, 353], "excluded_lines": [], "start_line": 351}, "websocket_live": {"executed_lines": [], "summary": {"covered_lines": 0, "num_statements": 9, "percent_covered": 0.0, "percent_covered_display": "0", "missing_lines": 9, "excluded_lines": 0, "percent_statements_covered": 0.0, "percent_statements_covered_display": "0"}, "missing_lines": [367, 368, 369, 370, 372, 373, 374, 375, 376], "excluded_lines": [], "start_line": 361}, "get_dashboard": {"executed_lines": [382, 383, 384], "summary": {"covered_lines": 3, "num_statements": 4, "percent_covered": 75.0, "percent_covered_display": "75", "missing_lines": 1, "excluded_lines": 0, "percent_statements_covered": 75.0, "percent_statements_covered_display": "75"}, "missing_lines": [385], "excluded_lines": [], "start_line": 380}, "_broadcast_after_ingest": {"executed_lines": [], "summary": {"covered_lines": 0, "num_statements": 1, "percent_covered": 0.0, "percent_covered_display": "0", "missing_lines": 1, "excluded_lines": 0, "percent_statements_covered": 0.0, "percent_statements_covered_display": "0"}, "missing_lines": [397], "excluded_lines": [], "start_line": 395}, "": {"executed_lines": [1, 2, 3, 9, 10, 12, 15, 55, 59, 71, 72, 73, 75, 76, 77, 78, 86, 87, 90, 91, 191, 204, 205, 206, 207, 208, 209, 210, 212, 213, 214, 215, 216, 218, 219, 220, 221, 222, 223, 225, 226, 227, 230, 231, 235, 239, 242, 253, 256, 257, 266, 277, 285, 286, 287, 288, 289, 290, 294, 295, 337, 338, 350, 351, 360, 361, 379, 380, 392, 395], "summary": {"covered_lines": 70, "num_statements": 70, "percent_covered": 100.0, "percent_covered_display": "100", "missing_lines": 0, "excluded_lines": 0, "percent_statements_covered": 100.0, "percent_statements_covered_display": "100"}, "missing_lines": [], "excluded_lines": [], "start_line": 1}}, "classes": {"ConnectionManager": {"executed_lines": [233], "summary": {"covered_lines": 1, "num_statements": 12, "percent_covered": 8.333333333333334, "percent_covered_display": "8", "missing_lines": 11, "excluded_lines": 0, "percent_statements_covered": 8.333333333333334, "percent_statements_covered_display": "8"}, "missing_lines": [236, 237, 240, 243, 244, 245, 246, 247, 248, 249, 250], "excluded_lines": [], "start_line": 230}, "": {"executed_lines": [1, 2, 3, 9, 10, 12, 15, 20, 28, 38, 43, 44, 46, 47, 48, 51, 52, 55, 57, 59, 71, 72, 73, 75, 76, 77, 78, 86, 87, 90, 91, 101, 103, 109, 112, 115, 140, 154, 191, 204, 205, 206, 207, 208, 209, 210, 212, 213, 214, 215, 216, 218, 219, 220, 221, 222, 223, 225, 226, 227, 230, 231, 235, 239, 242, 253, 256, 257, 266, 277, 285, 286, 287, 288, 289, 290, 294, 295, 296, 297, 299, 300, 302, 303, 304, 312, 315, 316, 317, 318, 319, 320, 322, 332, 333, 337, 338, 350, 351, 360, 361, 379, 380, 382, 383, 384, 392, 395], "summary": {"covered_lines": 108, "num_statements": 146, "percent_covered": 73.97260273972603, "percent_covered_display": "74", "missing_lines": 38, "excluded_lines": 0, "percent_statements_covered": 73.97260273972603, "percent_statements_covered_display": "74"}, "missing_lines": [110, 125, 126, 129, 143, 158, 159, 161, 162, 163, 164, 165, 166, 175, 184, 259, 260, 261, 262, 263, 305, 306, 307, 339, 340, 352, 353, 367, 368, 369, 370, 372, 373, 374, 375, 376, 385, 397], "excluded_lines": [], "start_line": 1}}}, "app\\metrics.py": {"executed_lines": [15, 17, 18, 20, 21, 22, 24, 25, 26, 28, 29, 32, 34, 35, 37, 40, 41, 44, 45, 54, 56, 62, 65, 68, 119, 160, 162, 163], "summary": {"covered_lines": 28, "num_statements": 56, "percent_covered": 50.0, "percent_covered_display": "50", "missing_lines": 28, "excluded_lines": 0, "percent_statements_covered": 50.0, "percent_statements_covered_display": "50"}, "missing_lines": [36, 38, 63, 76, 82, 90, 92, 100, 102, 103, 108, 124, 133, 134, 137, 138, 142, 150, 171, 173, 181, 187, 193, 194, 195, 196, 199, 201], "excluded_lines": [], "functions": {"_window_bounds": {"executed_lines": [34, 35, 37, 40, 41], "summary": {"covered_lines": 5, "num_statements": 7, "percent_covered": 71.42857142857143, "percent_covered_display": "71", "missing_lines": 2, "excluded_lines": 0, "percent_statements_covered": 71.42857142857143, "percent_statements_covered_display": "71"}, "missing_lines": [36, 38], "excluded_lines": [], "start_line": 32}, "get_metrics": {"executed_lines": [54, 56, 62, 65, 68, 119], "summary": {"covered_lines": 6, "num_statements": 22, "percent_covered": 27.272727272727273, "percent_covered_display": "27", "missing_lines": 16, "excluded_lines": 0, "percent_statements_covered": 27.272727272727273, "percent_statements_covered_display": "27"}, "missing_lines": [63, 76, 82, 90, 92, 100, 102, 103, 108, 124, 133, 134, 137, 138, 142, 150], "excluded_lines": [], "start_line": 45}, "get_camera_metrics": {"executed_lines": [], "summary": {"covered_lines": 0, "num_statements": 10, "percent_covered": 0.0, "percent_covered_display": "0", "missing_lines": 10, "excluded_lines": 0, "percent_statements_covered": 0.0, "percent_statements_covered_display": "0"}, "missing_lines": [171, 173, 181, 187, 193, 194, 195, 196, 199, 201], "excluded_lines": [], "start_line": 163}, "": {"executed_lines": [15, 17, 18, 20, 21, 22, 24, 25, 26, 28, 29, 32, 44, 45, 160, 162, 163], "summary": {"covered_lines": 17, "num_statements": 17, "percent_covered": 100.0, "percent_covered_display": "100", "missing_lines": 0, "excluded_lines": 0, "percent_statements_covered": 100.0, "percent_statements_covered_display": "100"}, "missing_lines": [], "excluded_lines": [], "start_line": 1}}, "classes": {"": {"executed_lines": [15, 17, 18, 20, 21, 22, 24, 25, 26, 28, 29, 32, 34, 35, 37, 40, 41, 44, 45, 54, 56, 62, 65, 68, 119, 160, 162, 163], "summary": {"covered_lines": 28, "num_statements": 56, "percent_covered": 50.0, "percent_covered_display": "50", "missing_lines": 28, "excluded_lines": 0, "percent_statements_covered": 50.0, "percent_statements_covered_display": "50"}, "missing_lines": [36, 38, 63, 76, 82, 90, 92, 100, 102, 103, 108, 124, 133, 134, 137, 138, 142, 150, 171, 173, 181, 187, 193, 194, 195, 196, 199, 201], "excluded_lines": [], "start_line": 1}}}, "app\\models.py": {"executed_lines": [1, 2, 8, 9, 10, 12, 13, 19, 21, 26, 27, 28, 30, 38, 40, 41, 48, 56, 59, 62, 68, 80, 81, 93, 99, 100, 101, 102, 104, 105, 116, 125, 126, 127, 128, 129, 130, 131, 132, 133, 136, 137, 138, 139, 142, 143, 144, 152, 153, 154, 155, 157, 160, 167, 168, 169, 170, 171, 172, 173, 174, 175, 176, 177, 179, 180, 181, 182, 183, 184, 186, 187, 188, 190, 191, 193, 194, 199, 206, 207, 211, 212, 213, 216, 218, 226, 227, 230, 231, 232, 233, 236, 237, 238, 239, 246, 247, 248, 250, 251, 252, 253, 256, 257, 258, 259, 260, 261, 262, 263, 271, 272, 273, 274, 277, 278, 279, 280, 288, 289, 290, 291, 292, 295, 296, 297, 298, 299, 307, 308, 309, 310, 311, 312, 315, 316, 317, 325, 326, 327, 328, 329, 332, 333, 334, 335, 343, 344, 345, 346, 354, 357, 359, 360, 361, 362, 363, 364, 365, 366, 367, 368, 369, 370, 371, 372, 374], "summary": {"covered_lines": 167, "num_statements": 190, "percent_covered": 87.89473684210526, "percent_covered_display": "88", "missing_lines": 23, "excluded_lines": 0, "percent_statements_covered": 87.89473684210526, "percent_statements_covered_display": "88"}, "missing_lines": [42, 43, 44, 45, 64, 65, 70, 71, 72, 73, 74, 75, 77, 83, 84, 85, 86, 87, 88, 89, 91, 185, 195], "excluded_lines": [], "functions": {"set_sqlite_pragma": {"executed_lines": [], "summary": {"covered_lines": 0, "num_statements": 4, "percent_covered": 0.0, "percent_covered_display": "0", "missing_lines": 4, "excluded_lines": 0, "percent_statements_covered": 0.0, "percent_statements_covered_display": "0"}, "missing_lines": [42, 43, 44, 45], "excluded_lines": [], "start_line": 41}, "init_db": {"executed_lines": [], "summary": {"covered_lines": 0, "num_statements": 2, "percent_covered": 0.0, "percent_covered_display": "0", "missing_lines": 2, "excluded_lines": 0, "percent_statements_covered": 0.0, "percent_statements_covered_display": "0"}, "missing_lines": [64, 65], "excluded_lines": [], "start_line": 62}, "get_db": {"executed_lines": [], "summary": {"covered_lines": 0, "num_statements": 7, "percent_covered": 0.0, "percent_covered_display": "0", "missing_lines": 7, "excluded_lines": 0, "percent_statements_covered": 0.0, "percent_statements_covered_display": "0"}, "missing_lines": [70, 71, 72, 73, 74, 75, 77], "excluded_lines": [], "start_line": 68}, "get_db_context": {"executed_lines": [], "summary": {"covered_lines": 0, "num_statements": 8, "percent_covered": 0.0, "percent_covered_display": "0", "missing_lines": 8, "excluded_lines": 0, "percent_statements_covered": 0.0, "percent_statements_covered_display": "0"}, "missing_lines": [83, 84, 85, 86, 87, 88, 89, 91], "excluded_lines": [], "start_line": 81}, "EventSchema.validate_uuid": {"executed_lines": [182, 183, 184, 186, 187, 188], "summary": {"covered_lines": 6, "num_statements": 7, "percent_covered": 85.71428571428571, "percent_covered_display": "86", "missing_lines": 1, "excluded_lines": 0, "percent_statements_covered": 85.71428571428571, "percent_statements_covered_display": "86"}, "missing_lines": [185], "excluded_lines": [], "start_line": 181}, "EventSchema.validate_zone_rules": {"executed_lines": [193, 194, 199, 206, 207, 211, 212, 213, 216], "summary": {"covered_lines": 9, "num_statements": 10, "percent_covered": 90.0, "percent_covered_display": "90", "missing_lines": 1, "excluded_lines": 0, "percent_statements_covered": 90.0, "percent_statements_covered_display": "90"}, "missing_lines": [195], "excluded_lines": [], "start_line": 191}, "": {"executed_lines": [1, 2, 8, 9, 10, 12, 13, 19, 21, 26, 27, 28, 30, 38, 40, 41, 48, 56, 59, 62, 68, 80, 81, 93, 99, 100, 101, 102, 104, 105, 116, 125, 126, 127, 128, 129, 130, 131, 132, 133, 136, 137, 138, 139, 142, 143, 144, 152, 153, 154, 155, 157, 160, 167, 168, 169, 170, 171, 172, 173, 174, 175, 176, 177, 179, 180, 181, 190, 191, 218, 226, 227, 230, 231, 232, 233, 236, 237, 238, 239, 246, 247, 248, 250, 251, 252, 253, 256, 257, 258, 259, 260, 261, 262, 263, 271, 272, 273, 274, 277, 278, 279, 280, 288, 289, 290, 291, 292, 295, 296, 297, 298, 299, 307, 308, 309, 310, 311, 312, 315, 316, 317, 325, 326, 327, 328, 329, 332, 333, 334, 335, 343, 344, 345, 346, 354, 357, 359, 360, 361, 362, 363, 364, 365, 366, 367, 368, 369, 370, 371, 372, 374], "summary": {"covered_lines": 152, "num_statements": 152, "percent_covered": 100.0, "percent_covered_display": "100", "missing_lines": 0, "excluded_lines": 0, "percent_statements_covered": 100.0, "percent_statements_covered_display": "100"}, "missing_lines": [], "excluded_lines": [], "start_line": 1}}, "classes": {"Base": {"executed_lines": [], "summary": {"covered_lines": 0, "num_statements": 0, "percent_covered": 100.0, "percent_covered_display": "100", "missing_lines": 0, "excluded_lines": 0, "percent_statements_covered": 100.0, "percent_statements_covered_display": "100"}, "missing_lines": [], "excluded_lines": [], "start_line": 56}, "EventType": {"executed_lines": [], "summary": {"covered_lines": 0, "num_statements": 0, "percent_covered": 100.0, "percent_covered_display": "100", "missing_lines": 0, "excluded_lines": 0, "percent_statements_covered": 100.0, "percent_statements_covered_display": "100"}, "missing_lines": [], "excluded_lines": [], "start_line": 125}, "AnomalySeverity": {"executed_lines": [], "summary": {"covered_lines": 0, "num_statements": 0, "percent_covered": 100.0, "percent_covered_display": "100", "missing_lines": 0, "excluded_lines": 0, "percent_statements_covered": 100.0, "percent_statements_covered_display": "100"}, "missing_lines": [], "excluded_lines": [], "start_line": 136}, "DataConfidence": {"executed_lines": [], "summary": {"covered_lines": 0, "num_statements": 0, "percent_covered": 100.0, "percent_covered_display": "100", "missing_lines": 0, "excluded_lines": 0, "percent_statements_covered": 100.0, "percent_statements_covered_display": "100"}, "missing_lines": [], "excluded_lines": [], "start_line": 142}, "EventMetadata": {"executed_lines": [], "summary": {"covered_lines": 0, "num_statements": 0, "percent_covered": 100.0, "percent_covered_display": "100", "missing_lines": 0, "excluded_lines": 0, "percent_statements_covered": 100.0, "percent_statements_covered_display": "100"}, "missing_lines": [], "excluded_lines": [], "start_line": 152}, "EventSchema": {"executed_lines": [182, 183, 184, 186, 187, 188, 193, 194, 199, 206, 207, 211, 212, 213, 216], "summary": {"covered_lines": 15, "num_statements": 17, "percent_covered": 88.23529411764706, "percent_covered_display": "88", "missing_lines": 2, "excluded_lines": 0, "percent_statements_covered": 88.23529411764706, "percent_statements_covered_display": "88"}, "missing_lines": [185, 195], "excluded_lines": [], "start_line": 160}, "IngestRequest": {"executed_lines": [], "summary": {"covered_lines": 0, "num_statements": 0, "percent_covered": 100.0, "percent_covered_display": "100", "missing_lines": 0, "excluded_lines": 0, "percent_statements_covered": 100.0, "percent_statements_covered_display": "100"}, "missing_lines": [], "excluded_lines": [], "start_line": 226}, "IngestError": {"executed_lines": [], "summary": {"covered_lines": 0, "num_statements": 0, "percent_covered": 100.0, "percent_covered_display": "100", "missing_lines": 0, "excluded_lines": 0, "percent_statements_covered": 100.0, "percent_statements_covered_display": "100"}, "missing_lines": [], "excluded_lines": [], "start_line": 230}, "IngestResponse": {"executed_lines": [], "summary": {"covered_lines": 0, "num_statements": 0, "percent_covered": 100.0, "percent_covered_display": "100", "missing_lines": 0, "excluded_lines": 0, "percent_statements_covered": 100.0, "percent_statements_covered_display": "100"}, "missing_lines": [], "excluded_lines": [], "start_line": 236}, "CameraMetric": {"executed_lines": [], "summary": {"covered_lines": 0, "num_statements": 0, "percent_covered": 100.0, "percent_covered_display": "100", "missing_lines": 0, "excluded_lines": 0, "percent_statements_covered": 100.0, "percent_statements_covered_display": "100"}, "missing_lines": [], "excluded_lines": [], "start_line": 246}, "CameraMetricsResponse": {"executed_lines": [], "summary": {"covered_lines": 0, "num_statements": 0, "percent_covered": 100.0, "percent_covered_display": "100", "missing_lines": 0, "excluded_lines": 0, "percent_statements_covered": 100.0, "percent_statements_covered_display": "100"}, "missing_lines": [], "excluded_lines": [], "start_line": 250}, "MetricsResponse": {"executed_lines": [], "summary": {"covered_lines": 0, "num_statements": 0, "percent_covered": 100.0, "percent_covered_display": "100", "missing_lines": 0, "excluded_lines": 0, "percent_statements_covered": 100.0, "percent_statements_covered_display": "100"}, "missing_lines": [], "excluded_lines": [], "start_line": 256}, "FunnelStage": {"executed_lines": [], "summary": {"covered_lines": 0, "num_statements": 0, "percent_covered": 100.0, "percent_covered_display": "100", "missing_lines": 0, "excluded_lines": 0, "percent_statements_covered": 100.0, "percent_statements_covered_display": "100"}, "missing_lines": [], "excluded_lines": [], "start_line": 271}, "FunnelResponse": {"executed_lines": [], "summary": {"covered_lines": 0, "num_statements": 0, "percent_covered": 100.0, "percent_covered_display": "100", "missing_lines": 0, "excluded_lines": 0, "percent_statements_covered": 100.0, "percent_statements_covered_display": "100"}, "missing_lines": [], "excluded_lines": [], "start_line": 277}, "ZoneHeatmap": {"executed_lines": [], "summary": {"covered_lines": 0, "num_statements": 0, "percent_covered": 100.0, "percent_covered_display": "100", "missing_lines": 0, "excluded_lines": 0, "percent_statements_covered": 100.0, "percent_statements_covered_display": "100"}, "missing_lines": [], "excluded_lines": [], "start_line": 288}, "HeatmapResponse": {"executed_lines": [], "summary": {"covered_lines": 0, "num_statements": 0, "percent_covered": 100.0, "percent_covered_display": "100", "missing_lines": 0, "excluded_lines": 0, "percent_statements_covered": 100.0, "percent_statements_covered_display": "100"}, "missing_lines": [], "excluded_lines": [], "start_line": 295}, "AnomalyDetail": {"executed_lines": [], "summary": {"covered_lines": 0, "num_statements": 0, "percent_covered": 100.0, "percent_covered_display": "100", "missing_lines": 0, "excluded_lines": 0, "percent_statements_covered": 100.0, "percent_statements_covered_display": "100"}, "missing_lines": [], "excluded_lines": [], "start_line": 307}, "AnomaliesResponse": {"executed_lines": [], "summary": {"covered_lines": 0, "num_statements": 0, "percent_covered": 100.0, "percent_covered_display": "100", "missing_lines": 0, "excluded_lines": 0, "percent_statements_covered": 100.0, "percent_statements_covered_display": "100"}, "missing_lines": [], "excluded_lines": [], "start_line": 315}, "StoreHealthStatus": {"executed_lines": [], "summary": {"covered_lines": 0, "num_statements": 0, "percent_covered": 100.0, "percent_covered_display": "100", "missing_lines": 0, "excluded_lines": 0, "percent_statements_covered": 100.0, "percent_statements_covered_display": "100"}, "missing_lines": [], "excluded_lines": [], "start_line": 325}, "HealthResponse": {"executed_lines": [], "summary": {"covered_lines": 0, "num_statements": 0, "percent_covered": 100.0, "percent_covered_display": "100", "missing_lines": 0, "excluded_lines": 0, "percent_statements_covered": 100.0, "percent_statements_covered_display": "100"}, "missing_lines": [], "excluded_lines": [], "start_line": 332}, "ErrorResponse": {"executed_lines": [], "summary": {"covered_lines": 0, "num_statements": 0, "percent_covered": 100.0, "percent_covered_display": "100", "missing_lines": 0, "excluded_lines": 0, "percent_statements_covered": 100.0, "percent_statements_covered_display": "100"}, "missing_lines": [], "excluded_lines": [], "start_line": 343}, "EventORM": {"executed_lines": [], "summary": {"covered_lines": 0, "num_statements": 0, "percent_covered": 100.0, "percent_covered_display": "100", "missing_lines": 0, "excluded_lines": 0, "percent_statements_covered": 100.0, "percent_statements_covered_display": "100"}, "missing_lines": [], "excluded_lines": [], "start_line": 354}, "": {"executed_lines": [1, 2, 8, 9, 10, 12, 13, 19, 21, 26, 27, 28, 30, 38, 40, 41, 48, 56, 59, 62, 68, 80, 81, 93, 99, 100, 101, 102, 104, 105, 116, 125, 126, 127, 128, 129, 130, 131, 132, 133, 136, 137, 138, 139, 142, 143, 144, 152, 153, 154, 155, 157, 160, 167, 168, 169, 170, 171, 172, 173, 174, 175, 176, 177, 179, 180, 181, 190, 191, 218, 226, 227, 230, 231, 232, 233, 236, 237, 238, 239, 246, 247, 248, 250, 251, 252, 253, 256, 257, 258, 259, 260, 261, 262, 263, 271, 272, 273, 274, 277, 278, 279, 280, 288, 289, 290, 291, 292, 295, 296, 297, 298, 299, 307, 308, 309, 310, 311, 312, 315, 316, 317, 325, 326, 327, 328, 329, 332, 333, 334, 335, 343, 344, 345, 346, 354, 357, 359, 360, 361, 362, 363, 364, 365, 366, 367, 368, 369, 370, 371, 372, 374], "summary": {"covered_lines": 152, "num_statements": 173, "percent_covered": 87.86127167630057, "percent_covered_display": "88", "missing_lines": 21, "excluded_lines": 0, "percent_statements_covered": 87.86127167630057, "percent_statements_covered_display": "88"}, "missing_lines": [42, 43, 44, 45, 64, 65, 70, 71, 72, 73, 74, 75, 77, 83, 84, 85, 86, 87, 88, 89, 91], "excluded_lines": [], "start_line": 1}}}, "pipeline\\emit.py": {"executed_lines": [8, 10, 11, 12, 13, 15, 22, 28, 30, 31, 34, 36, 39, 44, 45, 46, 48, 51, 72, 76, 79, 81, 82, 84, 85, 87, 110, 116, 122, 123, 124, 125, 126, 128, 129, 131, 133, 134, 135, 136, 138, 141, 158, 160, 162, 163, 164, 166, 167, 169, 170], "summary": {"covered_lines": 51, "num_statements": 65, "percent_covered": 78.46153846153847, "percent_covered_display": "78", "missing_lines": 14, "excluded_lines": 0, "percent_statements_covered": 78.46153846153847, "percent_statements_covered_display": "78"}, "missing_lines": [47, 73, 77, 139, 143, 144, 145, 146, 147, 152, 153, 154, 156, 161], "excluded_lines": [], "functions": {"make_visitor_id": {"executed_lines": [30, 31], "summary": {"covered_lines": 2, "num_statements": 2, "percent_covered": 100.0, "percent_covered_display": "100", "missing_lines": 0, "excluded_lines": 0, "percent_statements_covered": 100.0, "percent_statements_covered_display": "100"}, "missing_lines": [], "excluded_lines": [], "start_line": 28}, "make_event_id": {"executed_lines": [36], "summary": {"covered_lines": 1, "num_statements": 1, "percent_covered": 100.0, "percent_covered_display": "100", "missing_lines": 0, "excluded_lines": 0, "percent_statements_covered": 100.0, "percent_statements_covered_display": "100"}, "missing_lines": [], "excluded_lines": [], "start_line": 34}, "iso_timestamp": {"executed_lines": [44, 45, 46, 48], "summary": {"covered_lines": 4, "num_statements": 5, "percent_covered": 80.0, "percent_covered_display": "80", "missing_lines": 1, "excluded_lines": 0, "percent_statements_covered": 80.0, "percent_statements_covered_display": "80"}, "missing_lines": [47], "excluded_lines": [], "start_line": 39}, "build_event": {"executed_lines": [72, 76, 79, 81, 82, 84, 85, 87], "summary": {"covered_lines": 8, "num_statements": 10, "percent_covered": 80.0, "percent_covered_display": "80", "missing_lines": 2, "excluded_lines": 0, "percent_statements_covered": 80.0, "percent_statements_covered_display": "80"}, "missing_lines": [73, 77], "excluded_lines": [], "start_line": 51}, "EventEmitter.__init__": {"executed_lines": [122, 123, 124, 125, 126, 128, 129], "summary": {"covered_lines": 7, "num_statements": 7, "percent_covered": 100.0, "percent_covered_display": "100", "missing_lines": 0, "excluded_lines": 0, "percent_statements_covered": 100.0, "percent_statements_covered_display": "100"}, "missing_lines": [], "excluded_lines": [], "start_line": 116}, "EventEmitter.emit": {"executed_lines": [133, 134, 135, 136, 138], "summary": {"covered_lines": 5, "num_statements": 6, "percent_covered": 83.33333333333333, "percent_covered_display": "83", "missing_lines": 1, "excluded_lines": 0, "percent_statements_covered": 83.33333333333333, "percent_statements_covered_display": "83"}, "missing_lines": [139], "excluded_lines": [], "start_line": 131}, "EventEmitter._flush_to_api": {"executed_lines": [], "summary": {"covered_lines": 0, "num_statements": 9, "percent_covered": 0.0, "percent_covered_display": "0", "missing_lines": 9, "excluded_lines": 0, "percent_statements_covered": 0.0, "percent_statements_covered_display": "0"}, "missing_lines": [143, 144, 145, 146, 147, 152, 153, 154, 156], "excluded_lines": [], "start_line": 141}, "EventEmitter.close": {"executed_lines": [160, 162, 163, 164], "summary": {"covered_lines": 4, "num_statements": 5, "percent_covered": 80.0, "percent_covered_display": "80", "missing_lines": 1, "excluded_lines": 0, "percent_statements_covered": 80.0, "percent_statements_covered_display": "80"}, "missing_lines": [161], "excluded_lines": [], "start_line": 158}, "EventEmitter.__enter__": {"executed_lines": [167], "summary": {"covered_lines": 1, "num_statements": 1, "percent_covered": 100.0, "percent_covered_display": "100", "missing_lines": 0, "excluded_lines": 0, "percent_statements_covered": 100.0, "percent_statements_covered_display": "100"}, "missing_lines": [], "excluded_lines": [], "start_line": 166}, "EventEmitter.__exit__": {"executed_lines": [170], "summary": {"covered_lines": 1, "num_statements": 1, "percent_covered": 100.0, "percent_covered_display": "100", "missing_lines": 0, "excluded_lines": 0, "percent_statements_covered": 100.0, "percent_statements_covered_display": "100"}, "missing_lines": [], "excluded_lines": [], "start_line": 169}, "": {"executed_lines": [8, 10, 11, 12, 13, 15, 22, 28, 34, 39, 51, 110, 116, 131, 141, 158, 166, 169], "summary": {"covered_lines": 18, "num_statements": 18, "percent_covered": 100.0, "percent_covered_display": "100", "missing_lines": 0, "excluded_lines": 0, "percent_statements_covered": 100.0, "percent_statements_covered_display": "100"}, "missing_lines": [], "excluded_lines": [], "start_line": 1}}, "classes": {"EventEmitter": {"executed_lines": [122, 123, 124, 125, 126, 128, 129, 133, 134, 135, 136, 138, 160, 162, 163, 164, 167, 170], "summary": {"covered_lines": 18, "num_statements": 29, "percent_covered": 62.06896551724138, "percent_covered_display": "62", "missing_lines": 11, "excluded_lines": 0, "percent_statements_covered": 62.06896551724138, "percent_statements_covered_display": "62"}, "missing_lines": [139, 143, 144, 145, 146, 147, 152, 153, 154, 156, 161], "excluded_lines": [], "start_line": 110}, "": {"executed_lines": [8, 10, 11, 12, 13, 15, 22, 28, 30, 31, 34, 36, 39, 44, 45, 46, 48, 51, 72, 76, 79, 81, 82, 84, 85, 87, 110, 116, 131, 141, 158, 166, 169], "summary": {"covered_lines": 33, "num_statements": 36, "percent_covered": 91.66666666666667, "percent_covered_display": "92", "missing_lines": 3, "excluded_lines": 0, "percent_statements_covered": 91.66666666666667, "percent_statements_covered_display": "92"}, "missing_lines": [47, 73, 77], "excluded_lines": [], "start_line": 1}}}}, "totals": {"covered_lines": 474, "num_statements": 663, "percent_covered": 71.49321266968326, "percent_covered_display": "71", "missing_lines": 189, "excluded_lines": 0, "percent_statements_covered": 71.49321266968326, "percent_statements_covered_display": "71"}}